[12:32:52] [main/INFO]: Environment: authHost='https://authserver.mojang.com', accountsHost='https://api.mojang.com', sessionHost='https://sessionserver.mojang.com', servicesHost='https://api.minecraftservices.com', name='PROD'
[12:32:53] [main/WARN]: Ambiguity between arguments [teleport, destination] and [teleport, targets] with inputs: [Player, 0123, @e, dd12be42-52a9-4a91-a8a1-11c01849e498]
[12:32:53] [main/WARN]: Ambiguity between arguments [teleport, location] and [teleport, destination] with inputs: [0.1 -0.5 .9, 0 0 0]
[12:32:53] [main/WARN]: Ambiguity between arguments [teleport, location] and [teleport, targets] with inputs: [0.1 -0.5 .9, 0 0 0]
[12:32:53] [main/WARN]: Ambiguity between arguments [teleport, targets] and [teleport, destination] with inputs: [Player, 0123, dd12be42-52a9-4a91-a8a1-11c01849e498]
[12:32:53] [main/WARN]: Ambiguity between arguments [teleport, targets, location] and [teleport, targets, destination] with inputs: [0.1 -0.5 .9, 0 0 0]
[12:32:53] [main/INFO]: Reloading ResourceManager: Default
[12:32:54] [Worker-Main-4/INFO]: Loaded 7 recipes
[12:32:55] [Worker-Main-4/INFO]: Loaded 927 advancements
[12:32:59] [Server thread/INFO]: Starting minecraft server version 1.16.5
[12:32:59] [Server thread/INFO]: Loading properties
[12:32:59] [Server thread/INFO]: Default game type: SURVIVAL
[12:32:59] [Server thread/INFO]: Generating keypair
[12:33:00] [Server thread/INFO]: Starting Minecraft server on *:1025
[12:33:00] [Server thread/INFO]: Using epoll channel type
[12:33:00] [Server thread/INFO]: Preparing level "TheHangoutMinecraft"
[12:33:00] [Server thread/INFO]: Preparing start region for dimension minecraft:overworld
[12:33:03] [Server thread/INFO]: Preparing spawn area: 0%
[12:33:03] [Server thread/INFO]: Preparing spawn area: 0%
[12:33:03] [Server thread/INFO]: Preparing spawn area: 0%
[12:33:03] [Server thread/INFO]: Preparing spawn area: 0%
[12:33:03] [Server thread/INFO]: Preparing spawn area: 0%
[12:33:03] [Server thread/INFO]: Preparing spawn area: 0%
[12:33:03] [Server thread/INFO]: Preparing spawn area: 0%
[12:33:06] [Worker-Main-5/INFO]: Preparing spawn area: 83%
[12:33:06] [Worker-Main-5/INFO]: Preparing spawn area: 83%
[12:33:06] [Worker-Main-5/INFO]: Preparing spawn area: 83%
[12:33:06] [Worker-Main-5/INFO]: Preparing spawn area: 83%
[12:33:06] [Worker-Main-5/INFO]: Preparing spawn area: 83%
[12:33:06] [Worker-Main-5/INFO]: Preparing spawn area: 83%
[12:33:06] [Worker-Main-6/INFO]: Preparing spawn area: 83%
[12:33:07] [Worker-Main-5/INFO]: Preparing spawn area: 83%
[12:33:07] [Worker-Main-6/INFO]: Preparing spawn area: 83%
[12:33:08] [Worker-Main-6/INFO]: Preparing spawn area: 83%
[12:33:08] [Worker-Main-5/INFO]: Preparing spawn area: 83%
[12:33:09] [Worker-Main-5/INFO]: Preparing spawn area: 83%
[12:33:09] [Worker-Main-4/INFO]: Preparing spawn area: 83%
[12:33:10] [Worker-Main-5/INFO]: Preparing spawn area: 84%
[12:33:10] [Worker-Main-6/INFO]: Preparing spawn area: 87%
[12:33:11] [Worker-Main-4/INFO]: Preparing spawn area: 90%
[12:33:11] [Worker-Main-6/INFO]: Preparing spawn area: 95%
[12:33:12] [Worker-Main-6/INFO]: Preparing spawn area: 97%
[12:33:12] [Server thread/INFO]: Time elapsed: 12378 ms
[12:33:12] [Server thread/INFO]: Done (12.478s)! For help, type "help"
[12:33:12] [Server thread/INFO]: Starting remote control listener
[12:33:12] [Server thread/INFO]: Thread RCON Listener started
[12:33:12] [Server thread/INFO]: RCON running on 0.0.0.0:1026
[12:33:18] [Server thread/INFO]: [Server] Hi
